Error: EACCES: permission denied, open '/home/william/Code/newPPUK/src/policy/Heath/sedBrkz1T'
    at Object.openSync (node:fs:603:3)
    at Object.func [as openSync] (node:electron/js2c/asar_bundle:2:1869)
    at Object.readFileSync (node:fs:471:35)
    at Object.t.readFileSync (node:electron/js2c/asar_bundle:2:9212)
    at VscodeEditor.getFileContent (/home/william/.vscode/extensions/qiu8310.dot-template-vscode-0.4.0/out/adapter/VscodeEditor.js:187:19)
    at isFileEmpty (/home/william/.vscode/extensions/qiu8310.dot-template-vscode-0.4.0/node_modules/dot-template-core/out/core/commands/Command.js:65:113)
    at /home/william/.vscode/extensions/qiu8310.dot-template-vscode-0.4.0/node_modules/dot-template-core/out/core/commands/Command.js:72:80
    at Array.filter (<anonymous>)
    at CreateTemplateFilesCommand.Command.filter (/home/william/.vscode/extensions/qiu8310.dot-template-vscode-0.4.0/node_modules/dot-template-core/out/core/commands/Command.js:70:14)
    at new CreateTemplateFilesCommand (/home/william/.vscode/extensions/qiu8310.dot-template-vscode-0.4.0/node_modules/dot-template-core/out/core/commands/CreateTemplateFilesCommand.js:31:29)
    at /home/william/.vscode/extensions/qiu8310.dot-template-vscode-0.4.0/node_modules/dot-template-core/out/core/Commander.js:160:80
    at Commander.<anonymous> (/home/william/.vscode/extensions/qiu8310.dot-template-vscode-0.4.0/node_modules/dot-template-core/out/core/Commander.js:129:46)
    at step (/home/william/.vscode/extensions/qiu8310.dot-template-vscode-0.4.0/node_modules/dot-template-core/node_modules/tslib/tslib.js:133:27)
    at Object.next (/home/william/.vscode/extensions/qiu8310.dot-template-vscode-0.4.0/node_modules/dot-template-core/node_modules/tslib/tslib.js:114:57)
    at /home/william/.vscode/extensions/qiu8310.dot-template-vscode-0.4.0/node_modules/dot-template-core/node_modules/tslib/tslib.js:107:75
    at new Promise (<anonymous>)
    at Object.__awaiter (/home/william/.vscode/extensions/qiu8310.dot-template-vscode-0.4.0/node_modules/dot-template-core/node_modules/tslib/tslib.js:103:16)
    at Commander.wrap (/home/william/.vscode/extensions/qiu8310.dot-template-vscode-0.4.0/node_modules/dot-template-core/out/core/Commander.js:123:24)
    at Commander.<anonymous> (/home/william/.vscode/extensions/qiu8310.dot-template-vscode-0.4.0/node_modules/dot-template-core/out/core/Commander.js:160:44)
    at step (/home/william/.vscode/extensions/qiu8310.dot-template-vscode-0.4.0/node_modules/dot-template-core/node_modules/tslib/tslib.js:133:27)
    at Object.next (/home/william/.vscode/extensions/qiu8310.dot-template-vscode-0.4.0/node_modules/dot-template-core/node_modules/tslib/tslib.js:114:57)
    at /home/william/.vscode/extensions/qiu8310.dot-template-vscode-0.4.0/node_modules/dot-template-core/node_modules/tslib/tslib.js:107:75
    at new Promise (<anonymous>)
    at Object.__awaiter (/home/william/.vscode/extensions/qiu8310.dot-template-vscode-0.4.0/node_modules/dot-template-core/node_modules/tslib/tslib.js:103:16)
    at Commander.addCreateTemplateFilesCommand (/home/william/.vscode/extensions/qiu8310.dot-template-vscode-0.4.0/node_modules/dot-template-core/out/core/Commander.js:157:24)
    at Application.<anonymous> (/home/william/.vscode/extensions/qiu8310.dot-template-vscode-0.4.0/node_modules/dot-template-core/out/core/Application.js:49:61)
    at step (/home/william/.vscode/extensions/qiu8310.dot-template-vscode-0.4.0/node_modules/dot-template-core/node_modules/tslib/tslib.js:133:27)
    at Object.next (/home/william/.vscode/extensions/qiu8310.dot-template-vscode-0.4.0/node_modules/dot-template-core/node_modules/tslib/tslib.js:114:57)
    at /home/william/.vscode/extensions/qiu8310.dot-template-vscode-0.4.0/node_modules/dot-template-core/node_modules/tslib/tslib.js:107:75
    at new Promise (<anonymous>)
    at Object.__awaiter (/home/william/.vscode/extensions/qiu8310.dot-template-vscode-0.4.0/node_modules/dot-template-core/node_modules/tslib/tslib.js:103:16)
    at Application.createTemplateFiles (/home/william/.vscode/extensions/qiu8310.dot-template-vscode-0.4.0/node_modules/dot-template-core/out/core/Application.js:47:28)
    at Application.<anonymous> (/home/william/.vscode/extensions/qiu8310.dot-template-vscode-0.4.0/node_modules/dot-template-core/out/core/Application.js:109:51)
    at step (/home/william/.vscode/extensions/qiu8310.dot-template-vscode-0.4.0/node_modules/dot-template-core/node_modules/tslib/tslib.js:133:27)
    at Object.next (/home/william/.vscode/extensions/qiu8310.dot-template-vscode-0.4.0/node_modules/dot-template-core/node_modules/tslib/tslib.js:114:57)
    at /home/william/.vscode/extensions/qiu8310.dot-template-vscode-0.4.0/node_modules/dot-template-core/node_modules/tslib/tslib.js:107:75
    at new Promise (<anonymous>)
    at Object.__awaiter (/home/william/.vscode/extensions/qiu8310.dot-template-vscode-0.4.0/node_modules/dot-template-core/node_modules/tslib/tslib.js:103:16)
    at run (/home/william/.vscode/extensions/qiu8310.dot-template-vscode-0.4.0/node_modules/dot-template-core/out/core/Application.js:84:48)
    at Application.<anonymous> (/home/william/.vscode/extensions/qiu8310.dot-template-vscode-0.4.0/node_modules/dot-template-core/out/core/Application.js:153:50)
    at step (/home/william/.vscode/extensions/qiu8310.dot-template-vscode-0.4.0/node_modules/dot-template-core/node_modules/tslib/tslib.js:133:27)
    at Object.next (/home/william/.vscode/extensions/qiu8310.dot-template-vscode-0.4.0/node_modules/dot-template-core/node_modules/tslib/tslib.js:114:57)
    at /home/william/.vscode/extensions/qiu8310.dot-template-vscode-0.4.0/node_modules/dot-template-core/node_modules/tslib/tslib.js:107:75
    at new Promise (<anonymous>)
    at Object.__awaiter (/home/william/.vscode/extensions/qiu8310.dot-template-vscode-0.4.0/node_modules/dot-template-core/node_modules/tslib/tslib.js:103:16)
    at Timeout._onTimeout (/home/william/.vscode/extensions/qiu8310.dot-template-vscode-0.4.0/node_modules/dot-template-core/out/core/Application.js:144:59)
    at listOnTimeout (node:internal/timers:569:17)
    at processTimers (node:internal/timers:512:7)